0 info it worked if it ends with ok
1 verbose cli [ '/usr/bin/node', '/usr/bin/npm', 'start' ]
2 info using npm@3.5.2
3 info using node@v8.10.0
4 verbose run-script [ 'prestart', 'start', 'poststart' ]
5 info lifecycle static@1.0.0~prestart: static@1.0.0
6 silly lifecycle static@1.0.0~prestart: no script for prestart, continuing
7 info lifecycle static@1.0.0~start: static@1.0.0
8 verbose lifecycle static@1.0.0~start: unsafe-perm in lifecycle true
9 verbose lifecycle static@1.0.0~start: PATH: /usr/share/npm/bin/node-gyp-bin:/home/saline/Documents/GitHub/bucket-list-front-end/node_modules/.bin:/home/saline/.sdkman/candidates/gradle/current/bin:/usr/local/sbin:/usr/local/bin:/usr/sbin:/usr/bin:/sbin:/bin:/usr/games:/usr/local/games:/usr/lib/jvm/java-11-oracle/bin:/usr/lib/jvm/java-11-oracle/db/bin
10 verbose lifecycle static@1.0.0~start: CWD: /home/saline/Documents/GitHub/bucket-list-front-end
11 silly lifecycle static@1.0.0~start: Args: [ '-c', 'webpack-dev-server' ]
12 silly lifecycle static@1.0.0~start: Returned: code: 1  signal: null
13 info lifecycle static@1.0.0~start: Failed to exec start script
14 verbose stack Error: static@1.0.0 start: `webpack-dev-server`
14 verbose stack Exit status 1
14 verbose stack     at EventEmitter.<anonymous> (/usr/share/npm/lib/utils/lifecycle.js:232:16)
14 verbose stack     at emitTwo (events.js:126:13)
14 verbose stack     at EventEmitter.emit (events.js:214:7)
14 verbose stack     at ChildProcess.<anonymous> (/usr/share/npm/lib/utils/spawn.js:24:14)
14 verbose stack     at emitTwo (events.js:126:13)
14 verbose stack     at ChildProcess.emit (events.js:214:7)
14 verbose stack     at maybeClose (internal/child_process.js:925:16)
14 verbose stack     at Process.ChildProcess._handle.onexit (internal/child_process.js:209:5)
15 verbose pkgid static@1.0.0
16 verbose cwd /home/saline/Documents/GitHub/bucket-list-front-end
17 error Linux 4.15.0-47-generic
18 error argv "/usr/bin/node" "/usr/bin/npm" "start"
19 error node v8.10.0
20 error npm  v3.5.2
21 error code ELIFECYCLE
22 error static@1.0.0 start: `webpack-dev-server`
22 error Exit status 1
23 error Failed at the static@1.0.0 start script 'webpack-dev-server'.
23 error Make sure you have the latest version of node.js and npm installed.
23 error If you do, this is most likely a problem with the static package,
23 error not with npm itself.
23 error Tell the author that this fails on your system:
23 error     webpack-dev-server
23 error You can get information on how to open an issue for this project with:
23 error     npm bugs static
23 error Or if that isn't available, you can get their info via:
23 error     npm owner ls static
23 error There is likely additional logging output above.
24 verbose exit [ 1, true ]
